2025-06-17 15:33:49,641 - __main__ - INFO - generate_test_suite.py:32 - --- Generating Test Suite in 'd:\mycode\UOBCODE\semester2\OR\Mine\test_cases' Directory ---
2025-06-17 15:33:49,641 - __main__ - INFO - generate_test_suite.py:38 - 
Generating instance for n = 10...
2025-06-17 15:33:49,641 - generator - INFO - generator.py:139 - Instance successfully saved to d:\mycode\UOBCODE\semester2\OR\Mine\test_cases\instance_n10_uncorrelated.csv
2025-06-17 15:33:49,641 - __main__ - INFO - generate_test_suite.py:38 - 
Generating instance for n = 20...
2025-06-17 15:33:49,641 - generator - INFO - generator.py:139 - Instance successfully saved to d:\mycode\UOBCODE\semester2\OR\Mine\test_cases\instance_n20_uncorrelated.csv
2025-06-17 15:33:49,641 - __main__ - INFO - generate_test_suite.py:38 - 
Generating instance for n = 30...
2025-06-17 15:33:49,641 - generator - INFO - generator.py:139 - Instance successfully saved to d:\mycode\UOBCODE\semester2\OR\Mine\test_cases\instance_n30_uncorrelated.csv
2025-06-17 15:33:49,641 - __main__ - INFO - generate_test_suite.py:38 - 
Generating instance for n = 40...
2025-06-17 15:33:49,641 - generator - INFO - generator.py:139 - Instance successfully saved to d:\mycode\UOBCODE\semester2\OR\Mine\test_cases\instance_n40_uncorrelated.csv
2025-06-17 15:33:49,641 - __main__ - INFO - generate_test_suite.py:38 - 
Generating instance for n = 50...
2025-06-17 15:33:49,641 - generator - INFO - generator.py:139 - Instance successfully saved to d:\mycode\UOBCODE\semester2\OR\Mine\test_cases\instance_n50_uncorrelated.csv
2025-06-17 15:33:49,641 - __main__ - INFO - generate_test_suite.py:38 - 
Generating instance for n = 60...
2025-06-17 15:33:49,641 - generator - INFO - generator.py:139 - Instance successfully saved to d:\mycode\UOBCODE\semester2\OR\Mine\test_cases\instance_n60_uncorrelated.csv
2025-06-17 15:33:49,641 - __main__ - INFO - generate_test_suite.py:38 - 
Generating instance for n = 70...
2025-06-17 15:33:49,641 - generator - INFO - generator.py:139 - Instance successfully saved to d:\mycode\UOBCODE\semester2\OR\Mine\test_cases\instance_n70_uncorrelated.csv
2025-06-17 15:33:49,641 - __main__ - INFO - generate_test_suite.py:38 - 
Generating instance for n = 80...
2025-06-17 15:33:49,641 - generator - INFO - generator.py:139 - Instance successfully saved to d:\mycode\UOBCODE\semester2\OR\Mine\test_cases\instance_n80_uncorrelated.csv
2025-06-17 15:33:49,654 - __main__ - INFO - generate_test_suite.py:38 - 
Generating instance for n = 90...
2025-06-17 15:33:49,654 - generator - INFO - generator.py:139 - Instance successfully saved to d:\mycode\UOBCODE\semester2\OR\Mine\test_cases\instance_n90_uncorrelated.csv
2025-06-17 15:33:49,654 - __main__ - INFO - generate_test_suite.py:38 - 
Generating instance for n = 100...
2025-06-17 15:33:49,655 - generator - INFO - generator.py:139 - Instance successfully saved to d:\mycode\UOBCODE\semester2\OR\Mine\test_cases\instance_n100_uncorrelated.csv
2025-06-17 15:33:49,655 - __main__ - INFO - generate_test_suite.py:38 - 
Generating instance for n = 110...
2025-06-17 15:33:49,656 - generator - INFO - generator.py:139 - Instance successfully saved to d:\mycode\UOBCODE\semester2\OR\Mine\test_cases\instance_n110_uncorrelated.csv
2025-06-17 15:33:49,656 - __main__ - INFO - generate_test_suite.py:38 - 
Generating instance for n = 120...
2025-06-17 15:33:49,657 - generator - INFO - generator.py:139 - Instance successfully saved to d:\mycode\UOBCODE\semester2\OR\Mine\test_cases\instance_n120_uncorrelated.csv
2025-06-17 15:33:49,658 - __main__ - INFO - generate_test_suite.py:38 - 
Generating instance for n = 130...
2025-06-17 15:33:49,658 - generator - INFO - generator.py:139 - Instance successfully saved to d:\mycode\UOBCODE\semester2\OR\Mine\test_cases\instance_n130_uncorrelated.csv
2025-06-17 15:33:49,658 - __main__ - INFO - generate_test_suite.py:38 - 
Generating instance for n = 140...
2025-06-17 15:33:49,659 - generator - INFO - generator.py:139 - Instance successfully saved to d:\mycode\UOBCODE\semester2\OR\Mine\test_cases\instance_n140_uncorrelated.csv
2025-06-17 15:33:49,660 - __main__ - INFO - generate_test_suite.py:38 - 
Generating instance for n = 150...
2025-06-17 15:33:49,660 - generator - INFO - generator.py:139 - Instance successfully saved to d:\mycode\UOBCODE\semester2\OR\Mine\test_cases\instance_n150_uncorrelated.csv
2025-06-17 15:33:49,660 - __main__ - INFO - generate_test_suite.py:38 - 
Generating instance for n = 160...
2025-06-17 15:33:49,661 - generator - INFO - generator.py:139 - Instance successfully saved to d:\mycode\UOBCODE\semester2\OR\Mine\test_cases\instance_n160_uncorrelated.csv
2025-06-17 15:33:49,661 - __main__ - INFO - generate_test_suite.py:38 - 
Generating instance for n = 170...
2025-06-17 15:33:49,662 - generator - INFO - generator.py:139 - Instance successfully saved to d:\mycode\UOBCODE\semester2\OR\Mine\test_cases\instance_n170_uncorrelated.csv
2025-06-17 15:33:49,662 - __main__ - INFO - generate_test_suite.py:38 - 
Generating instance for n = 180...
2025-06-17 15:33:49,663 - generator - INFO - generator.py:139 - Instance successfully saved to d:\mycode\UOBCODE\semester2\OR\Mine\test_cases\instance_n180_uncorrelated.csv
2025-06-17 15:33:49,663 - __main__ - INFO - generate_test_suite.py:38 - 
Generating instance for n = 190...
2025-06-17 15:33:49,664 - generator - INFO - generator.py:139 - Instance successfully saved to d:\mycode\UOBCODE\semester2\OR\Mine\test_cases\instance_n190_uncorrelated.csv
2025-06-17 15:33:49,665 - __main__ - INFO - generate_test_suite.py:38 - 
Generating instance for n = 200...
2025-06-17 15:33:49,665 - generator - INFO - generator.py:139 - Instance successfully saved to d:\mycode\UOBCODE\semester2\OR\Mine\test_cases\instance_n200_uncorrelated.csv
2025-06-17 15:33:49,665 - __main__ - INFO - generate_test_suite.py:38 - 
Generating instance for n = 210...
2025-06-17 15:33:49,666 - generator - INFO - generator.py:139 - Instance successfully saved to d:\mycode\UOBCODE\semester2\OR\Mine\test_cases\instance_n210_uncorrelated.csv
2025-06-17 15:33:49,666 - __main__ - INFO - generate_test_suite.py:38 - 
Generating instance for n = 220...
2025-06-17 15:33:49,666 - generator - INFO - generator.py:139 - Instance successfully saved to d:\mycode\UOBCODE\semester2\OR\Mine\test_cases\instance_n220_uncorrelated.csv
2025-06-17 15:33:49,666 - __main__ - INFO - generate_test_suite.py:38 - 
Generating instance for n = 230...
2025-06-17 15:33:49,666 - generator - INFO - generator.py:139 - Instance successfully saved to d:\mycode\UOBCODE\semester2\OR\Mine\test_cases\instance_n230_uncorrelated.csv
2025-06-17 15:33:49,666 - __main__ - INFO - generate_test_suite.py:38 - 
Generating instance for n = 240...
2025-06-17 15:33:49,666 - generator - INFO - generator.py:139 - Instance successfully saved to d:\mycode\UOBCODE\semester2\OR\Mine\test_cases\instance_n240_uncorrelated.csv
2025-06-17 15:33:49,666 - __main__ - INFO - generate_test_suite.py:38 - 
Generating instance for n = 250...
2025-06-17 15:33:49,669 - generator - INFO - generator.py:139 - Instance successfully saved to d:\mycode\UOBCODE\semester2\OR\Mine\test_cases\instance_n250_uncorrelated.csv
2025-06-17 15:33:49,669 - __main__ - INFO - generate_test_suite.py:38 - 
Generating instance for n = 260...
2025-06-17 15:33:49,671 - generator - INFO - generator.py:139 - Instance successfully saved to d:\mycode\UOBCODE\semester2\OR\Mine\test_cases\instance_n260_uncorrelated.csv
2025-06-17 15:33:49,671 - __main__ - INFO - generate_test_suite.py:38 - 
Generating instance for n = 270...
2025-06-17 15:33:49,672 - generator - INFO - generator.py:139 - Instance successfully saved to d:\mycode\UOBCODE\semester2\OR\Mine\test_cases\instance_n270_uncorrelated.csv
2025-06-17 15:33:49,672 - __main__ - INFO - generate_test_suite.py:38 - 
Generating instance for n = 280...
2025-06-17 15:33:49,673 - generator - INFO - generator.py:139 - Instance successfully saved to d:\mycode\UOBCODE\semester2\OR\Mine\test_cases\instance_n280_uncorrelated.csv
2025-06-17 15:33:49,673 - __main__ - INFO - generate_test_suite.py:38 - 
Generating instance for n = 290...
2025-06-17 15:33:49,674 - generator - INFO - generator.py:139 - Instance successfully saved to d:\mycode\UOBCODE\semester2\OR\Mine\test_cases\instance_n290_uncorrelated.csv
2025-06-17 15:33:49,674 - __main__ - INFO - generate_test_suite.py:38 - 
Generating instance for n = 300...
2025-06-17 15:33:49,675 - generator - INFO - generator.py:139 - Instance successfully saved to d:\mycode\UOBCODE\semester2\OR\Mine\test_cases\instance_n300_uncorrelated.csv
2025-06-17 15:33:49,677 - __main__ - INFO - generate_test_suite.py:38 - 
Generating instance for n = 310...
2025-06-17 15:33:49,677 - generator - INFO - generator.py:139 - Instance successfully saved to d:\mycode\UOBCODE\semester2\OR\Mine\test_cases\instance_n310_uncorrelated.csv
2025-06-17 15:33:49,677 - __main__ - INFO - generate_test_suite.py:38 - 
Generating instance for n = 320...
2025-06-17 15:33:49,679 - generator - INFO - generator.py:139 - Instance successfully saved to d:\mycode\UOBCODE\semester2\OR\Mine\test_cases\instance_n320_uncorrelated.csv
2025-06-17 15:33:49,679 - __main__ - INFO - generate_test_suite.py:38 - 
Generating instance for n = 330...
2025-06-17 15:33:49,680 - generator - INFO - generator.py:139 - Instance successfully saved to d:\mycode\UOBCODE\semester2\OR\Mine\test_cases\instance_n330_uncorrelated.csv
2025-06-17 15:33:49,680 - __main__ - INFO - generate_test_suite.py:38 - 
Generating instance for n = 340...
2025-06-17 15:33:49,681 - generator - INFO - generator.py:139 - Instance successfully saved to d:\mycode\UOBCODE\semester2\OR\Mine\test_cases\instance_n340_uncorrelated.csv
2025-06-17 15:33:49,681 - __main__ - INFO - generate_test_suite.py:38 - 
Generating instance for n = 350...
2025-06-17 15:33:49,682 - generator - INFO - generator.py:139 - Instance successfully saved to d:\mycode\UOBCODE\semester2\OR\Mine\test_cases\instance_n350_uncorrelated.csv
2025-06-17 15:33:49,682 - __main__ - INFO - generate_test_suite.py:38 - 
Generating instance for n = 360...
2025-06-17 15:33:49,682 - generator - INFO - generator.py:139 - Instance successfully saved to d:\mycode\UOBCODE\semester2\OR\Mine\test_cases\instance_n360_uncorrelated.csv
2025-06-17 15:33:49,682 - __main__ - INFO - generate_test_suite.py:38 - 
Generating instance for n = 370...
2025-06-17 15:33:49,685 - generator - INFO - generator.py:139 - Instance successfully saved to d:\mycode\UOBCODE\semester2\OR\Mine\test_cases\instance_n370_uncorrelated.csv
2025-06-17 15:33:49,685 - __main__ - INFO - generate_test_suite.py:38 - 
Generating instance for n = 380...
2025-06-17 15:33:49,686 - generator - INFO - generator.py:139 - Instance successfully saved to d:\mycode\UOBCODE\semester2\OR\Mine\test_cases\instance_n380_uncorrelated.csv
2025-06-17 15:33:49,686 - __main__ - INFO - generate_test_suite.py:38 - 
Generating instance for n = 390...
2025-06-17 15:33:49,687 - generator - INFO - generator.py:139 - Instance successfully saved to d:\mycode\UOBCODE\semester2\OR\Mine\test_cases\instance_n390_uncorrelated.csv
2025-06-17 15:33:49,687 - __main__ - INFO - generate_test_suite.py:38 - 
Generating instance for n = 400...
2025-06-17 15:33:49,688 - generator - INFO - generator.py:139 - Instance successfully saved to d:\mycode\UOBCODE\semester2\OR\Mine\test_cases\instance_n400_uncorrelated.csv
2025-06-17 15:33:49,688 - __main__ - INFO - generate_test_suite.py:38 - 
Generating instance for n = 410...
2025-06-17 15:33:49,689 - generator - INFO - generator.py:139 - Instance successfully saved to d:\mycode\UOBCODE\semester2\OR\Mine\test_cases\instance_n410_uncorrelated.csv
2025-06-17 15:33:49,689 - __main__ - INFO - generate_test_suite.py:38 - 
Generating instance for n = 420...
2025-06-17 15:33:49,690 - generator - INFO - generator.py:139 - Instance successfully saved to d:\mycode\UOBCODE\semester2\OR\Mine\test_cases\instance_n420_uncorrelated.csv
2025-06-17 15:33:49,690 - __main__ - INFO - generate_test_suite.py:38 - 
Generating instance for n = 430...
2025-06-17 15:33:49,692 - generator - INFO - generator.py:139 - Instance successfully saved to d:\mycode\UOBCODE\semester2\OR\Mine\test_cases\instance_n430_uncorrelated.csv
2025-06-17 15:33:49,692 - __main__ - INFO - generate_test_suite.py:38 - 
Generating instance for n = 440...
2025-06-17 15:33:49,693 - generator - INFO - generator.py:139 - Instance successfully saved to d:\mycode\UOBCODE\semester2\OR\Mine\test_cases\instance_n440_uncorrelated.csv
2025-06-17 15:33:49,693 - __main__ - INFO - generate_test_suite.py:38 - 
Generating instance for n = 450...
2025-06-17 15:33:49,693 - generator - INFO - generator.py:139 - Instance successfully saved to d:\mycode\UOBCODE\semester2\OR\Mine\test_cases\instance_n450_uncorrelated.csv
2025-06-17 15:33:49,693 - __main__ - INFO - generate_test_suite.py:38 - 
Generating instance for n = 460...
2025-06-17 15:33:49,695 - generator - INFO - generator.py:139 - Instance successfully saved to d:\mycode\UOBCODE\semester2\OR\Mine\test_cases\instance_n460_uncorrelated.csv
2025-06-17 15:33:49,695 - __main__ - INFO - generate_test_suite.py:38 - 
Generating instance for n = 470...
2025-06-17 15:33:49,696 - generator - INFO - generator.py:139 - Instance successfully saved to d:\mycode\UOBCODE\semester2\OR\Mine\test_cases\instance_n470_uncorrelated.csv
2025-06-17 15:33:49,696 - __main__ - INFO - generate_test_suite.py:38 - 
Generating instance for n = 480...
2025-06-17 15:33:49,697 - generator - INFO - generator.py:139 - Instance successfully saved to d:\mycode\UOBCODE\semester2\OR\Mine\test_cases\instance_n480_uncorrelated.csv
2025-06-17 15:33:49,697 - __main__ - INFO - generate_test_suite.py:38 - 
Generating instance for n = 490...
2025-06-17 15:33:49,698 - generator - INFO - generator.py:139 - Instance successfully saved to d:\mycode\UOBCODE\semester2\OR\Mine\test_cases\instance_n490_uncorrelated.csv
2025-06-17 15:33:49,698 - __main__ - INFO - generate_test_suite.py:38 - 
Generating instance for n = 500...
2025-06-17 15:33:49,699 - generator - INFO - generator.py:139 - Instance successfully saved to d:\mycode\UOBCODE\semester2\OR\Mine\test_cases\instance_n500_uncorrelated.csv
2025-06-17 15:33:49,699 - __main__ - INFO - generate_test_suite.py:55 - 
--- Test Suite Generation Complete ---
